[    0.000000] Initializing cgroup subsys cpuset
[    0.000000] Initializing cgroup subsys cpu
[    0.000000] Initializing cgroup subsys cpuacct
[    0.000000] Linux version 4.4.0-210-generic (buildd@lgw01-amd64-009) (gcc version 5.4.0 20160609 (Ubuntu 5.4.0-6ubuntu1~16.04.12) ) #242-Ubuntu SMP Fri Apr 16 09:57:56 UTC 2021 (Ubuntu 4.4.0-210.242-generic 4.4.262)
[    0.000000] Command line: BOOT_IMAGE=/boot/vmlinuz-4.4.0-210-generic root=LABEL=cloudimg-rootfs ro console=tty1 console=ttyS0
[    0.000000] KERNEL supported cpus:
[    0.000000]   Intel GenuineIntel
[    0.000000]   AMD AuthenticAMD
[    0.000000]   Centaur CentaurHauls
[    0.000000] [Firmware Bug]: TSC doesn't count with P0 frequency!
[    0.000000] x86/fpu: xstate_offset[2]:  576, xstate_sizes[2]:  256
[    0.000000] x86/fpu: Supporting XSAVE feature 0x01: 'x87 floating point registers'
[    0.000000] x86/fpu: Supporting XSAVE feature 0x02: 'SSE registers'
[    0.000000] x86/fpu: Supporting XSAVE feature 0x04: 'AVX registers'
[    0.000000] x86/fpu: Enabled xstate features 0x7, context size is 832 bytes, using 'standard' format.
[    0.000000] e820: BIOS-provided physical RAM map:
[    0.000000] BIOS-e820: [mem 0x0000000000000000-0x000000000009fbff] usable
[    0.000000] BIOS-e820: [mem 0x000000000009fc00-0x000000000009ffff] reserved
[    0.000000] BIOS-e820: [mem 0x00000000000f0000-0x00000000000fffff] reserved
[    0.000000] BIOS-e820: [mem 0x0000000000100000-0x000000003ffeffff] usable
[    0.000000] BIOS-e820: [mem 0x000000003fff0000-0x000000003fffffff] ACPI data
[    0.000000] BIOS-e820: [mem 0x00000000fec00000-0x00000000fec00fff] reserved
[    0.000000] BIOS-e820: [mem 0x00000000fee00000-0x00000000fee00fff] reserved
[    0.000000] BIOS-e820: [mem 0x00000000fffc0000-0x00000000ffffffff] reserved
[    0.000000] NX (Execute Disable) protection: active
[    0.000000] SMBIOS 2.5 present.
[    0.000000] Hypervisor detected: KVM
[    0.000000] Kernel/User page tables isolation: disabled
[    0.000000] e820: last_pfn = 0x3fff0 max_arch_pfn = 0x400000000
[    0.000000] MTRR: Disabled
[    0.000000] x86/PAT: MTRRs disabled, skipping PAT initialization too.
[    0.000000] CPU MTRRs all blank - virtualized system.
[    0.000000] x86/PAT: Configuration [0-7]: WB  WT  UC- UC  WB  WT  UC- UC  
[    0.000000] found SMP MP-table at [mem 0x0009fff0-0x0009ffff] mapped at [ffff88000009fff0]
[    0.000000] Scanning 1 areas for low memory corruption
[    0.000000] RAMDISK: [mem 0x362dc000-0x37165fff]
[    0.000000] ACPI: Early table checksum verification disabled
[    0.000000] ACPI: RSDP 0x00000000000E0000 000024 (v02 VBOX  )
[    0.000000] ACPI: XSDT 0x000000003FFF0030 00003C (v01 VBOX   VBOXXSDT 00000001 ASL  00000061)
[    0.000000] ACPI: FACP 0x000000003FFF00F0 0000F4 (v04 VBOX   VBOXFACP 00000001 ASL  00000061)
[    0.000000] ACPI: DSDT 0x000000003FFF0610 002353 (v02 VBOX   VBOXBIOS 00000002 INTL 20100528)
[    0.000000] ACPI: FACS 0x000000003FFF0200 000040
[    0.000000] ACPI: FACS 0x000000003FFF0200 000040
[    0.000000] ACPI: APIC 0x000000003FFF0240 00005C (v02 VBOX   VBOXAPIC 00000001 ASL  00000061)
[    0.000000] ACPI: SSDT 0x000000003FFF02A0 00036C (v01 VBOX   VBOXCPUT 00000002 INTL 20100528)
[    0.000000] No NUMA configuration found
[    0.000000] Faking a node at [mem 0x0000000000000000-0x000000003ffeffff]
[    0.000000] NODE_DATA(0) allocated [mem 0x3ffeb000-0x3ffeffff]
[    0.000000] kvm-clock: Using msrs 4b564d01 and 4b564d00
[    0.000000] kvm-clock: cpu 0, msr 0:3ffe3001, primary cpu clock
[    0.000000] kvm-clock: using sched offset of 3327196373 cycles
[    0.000000] clocksource: kvm-clock: mask: 0xffffffffffffffff max_cycles: 0x1cd42e4dffb, max_idle_ns: 881590591483 ns
[    0.000000] Zone ranges:
[    0.000000]   DMA      [mem 0x0000000000001000-0x0000000000ffffff]
[    0.000000]   DMA32    [mem 0x0000000001000000-0x000000003ffeffff]
[    0.000000]   Normal   empty
[    0.000000]   Device   empty
[    0.000000] Movable zone start for each node
[    0.000000] Early memory node ranges
[    0.000000]   node   0: [mem 0x0000000000001000-0x000000000009efff]
[    0.000000]   node   0: [mem 0x0000000000100000-0x000000003ffeffff]
[    0.000000] Initmem setup node 0 [mem 0x0000000000001000-0x000000003ffeffff]
[    0.000000] ACPI: PM-Timer IO Port: 0x4008
[    0.000000] IOAPIC[0]: apic_id 2, version 32, address 0xfec00000, GSI 0-23
[    0.000000] ACPI: INT_SRC_OVR (bus 0 bus_irq 0 global_irq 2 dfl dfl)
[    0.000000] ACPI: INT_SRC_OVR (bus 0 bus_irq 9 global_irq 9 low level)
[    0.000000] Using ACPI (MADT) for SMP configuration information
[    0.000000] smpboot: Allowing 2 CPUs, 0 hotplug CPUs
[    0.000000] PM: Registered nosave memory: [mem 0x00000000-0x00000fff]
[    0.000000] PM: Registered nosave memory: [mem 0x0009f000-0x0009ffff]
[    0.000000] PM: Registered nosave memory: [mem 0x000a0000-0x000effff]
[    0.000000] PM: Registered nosave memory: [mem 0x000f0000-0x000fffff]
[    0.000000] e820: [mem 0x40000000-0xfebfffff] available for PCI devices
[    0.000000] Booting paravirtualized kernel on KVM
[    0.000000] clocksource: refined-jiffies: mask: 0xffffffff max_cycles: 0xffffffff, max_idle_ns: 7645519600211568 ns
[    0.000000] setup_percpu: NR_CPUS:512 nr_cpumask_bits:512 nr_cpu_ids:2 nr_node_ids:1
[    0.000000] PERCPU: Embedded 33 pages/cpu @ffff88003fc00000 s95192 r8192 d31784 u1048576
[    0.000000] Built 1 zonelists in Node order, mobility grouping on.  Total pages: 257912
[    0.000000] Policy zone: DMA32
[    0.000000] Kernel command line: BOOT_IMAGE=/boot/vmlinuz-4.4.0-210-generic root=LABEL=cloudimg-rootfs ro console=tty1 console=ttyS0
[    0.000000] PID hash table entries: 4096 (order: 3, 32768 bytes)
[    0.000000] Memory: 997792K/1048120K available (8644K kernel code, 1332K rwdata, 4044K rodata, 1492K init, 1164K bss, 50328K reserved, 0K cma-reserved)
[    0.000000] SLUB: HWalign=64, Order=0-3, MinObjects=0, CPUs=2, Nodes=1
[    0.000000] Hierarchical RCU implementation.
[    0.000000] 	Build-time adjustment of leaf fanout to 64.
[    0.000000] 	RCU restricting CPUs from NR_CPUS=512 to nr_cpu_ids=2.
[    0.000000] RCU: Adjusting geometry for rcu_fanout_leaf=64, nr_cpu_ids=2
[    0.000000] NR_IRQS:33024 nr_irqs:440 16
[    0.000000] Console: colour VGA+ 80x25
[    0.000000] console [tty1] enabled
[    0.000000] console [ttyS0] enabled
[    0.000000] tsc: Detected 1996.250 MHz processor
[    0.237819] Calibrating delay loop (skipped) preset value.. 3992.50 BogoMIPS (lpj=7985000)
[    0.240440] pid_max: default: 32768 minimum: 301
[    0.241927] ACPI: Core revision 20150930
[    0.245094] ACPI: 2 ACPI AML tables successfully acquired and loaded
[    0.247161] Security Framework initialized
[    0.248550] Yama: becoming mindful.
[    0.249804] AppArmor: AppArmor initialized
[    0.251264] Dentry cache hash table entries: 131072 (order: 8, 1048576 bytes)
[    0.253498] Inode-cache hash table entries: 65536 (order: 7, 524288 bytes)
[    0.256846] Mount-cache hash table entries: 2048 (order: 2, 16384 bytes)
[    0.258875] Mountpoint-cache hash table entries: 2048 (order: 2, 16384 bytes)
[    0.261073] Initializing cgroup subsys io
[    0.262512] Initializing cgroup subsys memory
[    0.263998] Initializing cgroup subsys devices
[    0.265387] Initializing cgroup subsys freezer
[    0.266894] Initializing cgroup subsys net_cls
[    0.268364] Initializing cgroup subsys perf_event
[    0.269865] Initializing cgroup subsys net_prio
[    0.271290] Initializing cgroup subsys hugetlb
[    0.272683] Initializing cgroup subsys pids
[    0.274474] mce: CPU supports 0 MCE banks
[    0.275804] Last level iTLB entries: 4KB 512, 2MB 512, 4MB 256
[    0.277527] Last level dTLB entries: 4KB 2048, 2MB 2048, 4MB 1024, 1GB 0
[    0.279681] Spectre V1 : Mitigation: usercopy/swapgs barriers and __user pointer sanitization
[    0.282401] Spectre V2 : Spectre mitigation: LFENCE not serializing, switching to generic retpoline
[    0.285178] Spectre V2 : Mitigation: Full generic retpoline
[    0.287172] Spectre V2 : Spectre v2 / SpectreRSB mitigation: Filling RSB on context switch
[    0.294444] Freeing SMP alternatives memory: 36K
[    0.305390] ftrace: allocating 32380 entries in 127 pages
[    0.390915] smpboot: APIC(0) Converting physical 0 to logical package 0
[    0.392988] smpboot: Max logical packages: 1
[    0.394756] x2apic enabled
[    0.396213] Switched APIC routing to physical x2apic.
[    0.399520] ..TIMER: vector=0x30 apic1=0 pin1=2 apic2=-1 pin2=-1
[    0.509363] APIC calibration not consistent with PM-Timer: 98ms instead of 100ms
[    0.511771] APIC delta adjusted to PM-Timer: 6231986 (6156096)
[    0.513624] smpboot: CPU0: AMD Ryzen 7 5825U with Radeon Graphics (family: 0x19, model: 0x50, stepping: 0x0)
[    0.516955] Performance Events: Broken PMU hardware detected, using software events only.
[    0.519650] Failed to access perfctr msr (MSR c0010007 is 0)
[    0.532045] KVM setup paravirtual spinlock
[    0.535305] x86: Booting SMP configuration:
[    0.536665] .... node  #0, CPUs:      #1
[    0.538105] kvm-clock: cpu 1, msr 0:3ffe3041, secondary cpu clock
[    0.539771] mce: CPU supports 0 MCE banks
[    0.542564] x86: Booted up 1 node, 2 CPUs
[    0.544198] smpboot: Total of 2 processors activated (7985.00 BogoMIPS)
[    0.547476] devtmpfs: initialized
[    0.550708] evm: security.selinux
[    0.551868] evm: security.SMACK64
[    0.553011] evm: security.SMACK64EXEC
[    0.554202] evm: security.SMACK64TRANSMUTE
[    0.555528] evm: security.SMACK64MMAP
[    0.556729] evm: security.ima
[    0.557907] evm: security.capability
[    0.560668] clocksource: jiffies: mask: 0xffffffff max_cycles: 0xffffffff, max_idle_ns: 7645041785100000 ns
[    0.563778] futex hash table entries: 512 (order: 3, 32768 bytes)
[    0.565754] pinctrl core: initialized pinctrl subsystem
[    0.567679] RTC time: 11:37:21, date: 05/20/24
[    0.569376] NET: Registered protocol family 16
[    0.577939] cpuidle: using governor ladder
[    0.586214] cpuidle: using governor menu
[    0.588141] PCCT header not found.
[    0.589770] ACPI: bus type PCI registered
[    0.591064] acpiphp: ACPI Hot Plug PCI Controller Driver version: 0.5
[    0.593107] PCI: Using configuration type 1 for base access
[    0.594747] PCI: Using configuration type 1 for extended access
[    0.606696] ACPI: Added _OSI(Module Device)
[    0.608419] ACPI: Added _OSI(Processor Device)
[    0.609783] ACPI: Added _OSI(3.0 _SCP Extensions)
[    0.611284] ACPI: Added _OSI(Processor Aggregator Device)
[    0.613845] ACPI: Executed 1 blocks of module-level executable AML code
[    0.618290] ACPI: Interpreter enabled
[    0.619544] ACPI: (supports S0 S5)
[    0.620767] ACPI: Using IOAPIC for interrupt routing
[    0.622466] PCI: Using host bridge windows from ACPI; if necessary, use "pci=nocrs" and report a bug
[    0.630215] ACPI: PCI Root Bridge [PCI0] (domain 0000 [bus 00-ff])
[    0.632040] acpi PNP0A03:00: _OSC: OS supports [ExtendedConfig ASPM ClockPM Segments MSI]
[    0.635355] acpi PNP0A03:00: _OSC: platform does not support [PCIeCapability]
[    0.637747] acpi PNP0A03:00: _OSC: not requesting control; platform does not support [PCIeCapability]
[    0.640612] acpi PNP0A03:00: _OSC: OS requested [PCIeHotplug PME AER PCIeCapability]
[    0.643034] acpi PNP0A03:00: _OSC: platform willing to grant [PCIeHotplug PME AER]
[    0.645466] acpi PNP0A03:00: _OSC failed (AE_SUPPORT); disabling ASPM
[    0.647854] PCI host bridge to bus 0000:00
[    0.664998] pci_bus 0000:00: root bus resource [io  0x0000-0x0cf7 window]
[    0.667060] pci_bus 0000:00: root bus resource [io  0x0d00-0xffff window]
[    0.669122] pci_bus 0000:00: root bus resource [mem 0x000a0000-0x000bffff window]
[    0.671554] pci_bus 0000:00: root bus resource [mem 0x40000000-0xfdffffff window]
[    0.674011] pci_bus 0000:00: root bus resource [bus 00-ff]
[    0.678766] pci 0000:00:01.1: legacy IDE quirk: reg 0x10: [io  0x01f0-0x01f7]
[    0.680852] pci 0000:00:01.1: legacy IDE quirk: reg 0x14: [io  0x03f6]
[    0.683483] pci 0000:00:01.1: legacy IDE quirk: reg 0x18: [io  0x0170-0x0177]
[    0.685677] pci 0000:00:01.1: legacy IDE quirk: reg 0x1c: [io  0x0376]
[    0.702496] pci 0000:00:07.0: quirk: [io  0x4000-0x403f] claimed by PIIX4 ACPI
[    0.705030] pci 0000:00:07.0: quirk: [io  0x4100-0x410f] claimed by PIIX4 SMB
[    0.717837] ACPI: PCI Interrupt Link [LNKA] (IRQs 5 9 10 *11)
[    0.720474] ACPI: PCI Interrupt Link [LNKB] (IRQs 5 9 *10 11)
[    0.722960] ACPI: PCI Interrupt Link [LNKC] (IRQs 5 *9 10 11)
[    0.725327] ACPI: PCI Interrupt Link [LNKD] (IRQs 5 9 10 *11)
[    0.727858] ACPI: Enabled 2 GPEs in block 00 to 07
[    0.729955] vgaarb: setting as boot device: PCI:0000:00:02.0
[    0.731618] vgaarb: device added: PCI:0000:00:02.0,decodes=io+mem,owns=io+mem,locks=none
[    0.734345] vgaarb: loaded
[    0.735534] vgaarb: bridge control possible 0000:00:02.0
[    0.737738] SCSI subsystem initialized
[    0.740187] ACPI: bus type USB registered
[    0.741655] usbcore: registered new interface driver usbfs
[    0.743979] usbcore: registered new interface driver hub
[    0.745608] usbcore: registered new device driver usb
[    0.747485] PCI: Using ACPI for IRQ routing
[    0.749475] NetLabel: Initializing
[    0.751311] NetLabel:  domain hash size = 128
[    0.752691] NetLabel:  protocols = UNLABELED CIPSOv4
[    0.754250] NetLabel:  unlabeled traffic allowed by default
[    0.756265] amd_nb: Cannot enumerate AMD northbridges
[    0.758320] clocksource: Switched to clocksource kvm-clock
[    0.769053] AppArmor: AppArmor Filesystem Enabled
[    0.770826] pnp: PnP ACPI init
[    0.773484] pnp: PnP ACPI: found 3 devices
[    0.785764] clocksource: acpi_pm: mask: 0xffffff max_cycles: 0xffffff, max_idle_ns: 2085701024 ns
[    0.788834] NET: Registered protocol family 2
[    0.790513] TCP established hash table entries: 8192 (order: 4, 65536 bytes)
[    0.792915] TCP bind hash table entries: 8192 (order: 5, 131072 bytes)
[    0.795867] TCP: Hash tables configured (established 8192 bind 8192)
[    0.799467] UDP hash table entries: 512 (order: 2, 16384 bytes)
[    0.801487] UDP-Lite hash table entries: 512 (order: 2, 16384 bytes)
[    0.803612] NET: Registered protocol family 1
[    0.805007] pci 0000:00:00.0: Limiting direct PCI/PCI transfers
[    0.806889] pci 0000:00:01.0: Activating ISA DMA hang workarounds
[    0.810169] Unpacking initramfs...
[    1.128329] Freeing initrd memory: 14888K
[    1.130124] clocksource: tsc: mask: 0xffffffffffffffff max_cycles: 0x398caf77d7a, max_idle_ns: 881590459467 ns
[    1.133965] platform rtc_cmos: registered platform RTC device (no PNP device found)
[    1.136405] Scanning for low memory corruption every 60 seconds
[    1.139040] audit: initializing netlink subsys (disabled)
[    1.140787] audit: type=2000 audit(1716205046.701:1): initialized
[    1.142923] Initialise system trusted keyring
[    1.144576] HugeTLB registered 2 MB page size, pre-allocated 0 pages
[    1.148970] zbud: loaded
[    1.150449] VFS: Disk quotas dquot_6.6.0
[    1.151905] VFS: Dquot-cache hash table entries: 512 (order 0, 4096 bytes)
[    1.154535] squashfs: version 4.0 (2009/01/31) Phillip Lougher
[    1.156717] fuse init (API version 7.23)
[    1.159413] Key type big_key registered
[    1.160852] Allocating IMA MOK and blacklist keyrings.
[    1.164243] Key type asymmetric registered
[    1.165525] Asymmetric key parser 'x509' registered
[    1.167325] Block layer SCSI generic (bsg) driver version 0.4 loaded (major 249)
[    1.170059] io scheduler noop registered
[    1.171412] io scheduler deadline registered (default)
[    1.173315] io scheduler cfq registered
[    1.174820] pci_hotplug: PCI Hot Plug PCI Core version: 0.5
[    1.177181] pciehp: PCI Express Hot Plug Controller Driver version: 0.4
[    1.179715] ACPI: AC Adapter [AC] (off-line)
[    1.181887] input: Power Button as /devices/LNXSYSTM:00/LNXPWRBN:00/input/input0
[    1.185228] ACPI: Power Button [PWRF]
[    1.186649] input: Sleep Button as /devices/LNXSYSTM:00/LNXSLPBN:00/input/input1
[    1.189187] ACPI: Sleep Button [SLPF]
[    1.191028] GHES: HEST is not enabled!
[    1.192116] ACPI: Battery Slot [BAT0] (battery present)
[    1.194715] Serial: 8250/16550 driver, 32 ports, IRQ sharing enabled
[    1.217748] 00:02: ttyS0 at I/O 0x3f8 (irq = 4, base_baud = 115200) is a 16550A
[    1.223397] Linux agpgart interface v0.103
[    1.227526] loop: module loaded
[    1.229433] scsi host0: ata_piix
[    1.230790] scsi host1: ata_piix
[    1.232055] ata1: PATA max UDMA/33 cmd 0x1f0 ctl 0x3f6 bmdma 0xd000 irq 14
[    1.234818] ata2: PATA max UDMA/33 cmd 0x170 ctl 0x376 bmdma 0xd008 irq 15
[    1.237603] libphy: Fixed MDIO Bus: probed
[    1.239069] tun: Universal TUN/TAP device driver, 1.6
[    1.241244] tun: (C) 1999-2004 Max Krasnyansky <maxk@qualcomm.com>
[    1.243970] PPP generic driver version 2.4.2
[    1.245817] ehci_hcd: USB 2.0 'Enhanced' Host Controller (EHCI) Driver
[    1.247892] ehci-pci: EHCI PCI platform driver
[    1.249857] ehci-platform: EHCI generic platform driver
[    1.251716] ohci_hcd: USB 1.1 'Open' Host Controller (OHCI) Driver
[    1.253655] ohci-pci: OHCI PCI platform driver
[    1.255371] ohci-platform: OHCI generic platform driver
[    1.257361] uhci_hcd: USB Universal Host Controller Interface driver
[    1.259370] i8042: PNP: PS/2 Controller [PNP0303:PS2K,PNP0f03:PS2M] at 0x60,0x64 irq 1,12
[    1.262612] serio: i8042 KBD port at 0x60,0x64 irq 1
[    1.264171] serio: i8042 AUX port at 0x60,0x64 irq 12
[    1.266013] mousedev: PS/2 mouse device common for all mice
[    1.268653] input: AT Translated Set 2 keyboard as /devices/platform/i8042/serio0/input/input2
[    1.271443] rtc_cmos rtc_cmos: rtc core: registered rtc_cmos as rtc0
[    1.273563] rtc_cmos rtc_cmos: alarms up to one day, 114 bytes nvram
[    1.275479] i2c /dev entries driver
[    1.276940] device-mapper: uevent: version 1.0.3
[    1.278773] device-mapper: ioctl: 4.34.0-ioctl (2015-10-28) initialised: dm-devel@redhat.com
[    1.282071] ledtrig-cpu: registered to indicate activity on CPUs
[    1.284565] NET: Registered protocol family 10
[    1.286755] NET: Registered protocol family 17
[    1.288195] Key type dns_resolver registered
[    1.290336] registered taskstats version 1
[    1.292005] Loading compiled-in X.509 certificates
[    1.294556] Loaded X.509 cert 'Build time autogenerated kernel key: cf00e047681d67edb2720680708b7d9498083038'
[    1.297967] zswap: loaded using pool lzo/zbud
[    1.302505] Key type trusted registered
[    1.308492] Key type encrypted registered
[    1.310972] AppArmor: AppArmor sha1 policy hashing enabled
[    1.312595] ima: No TPM chip found, activating TPM-bypass!
[    1.314306] ima: Allocated hash algorithm: sha1
[    1.315836] evm: HMAC attrs: 0x1
[    1.317740]   Magic number: 8:244:631
[    1.319819] rtc_cmos rtc_cmos: setting system clock to 2024-05-20 11:37:22 UTC (1716205042)
[    1.322876] BIOS EDD facility v0.16 2004-Jun-25, 0 devices found
[    1.324613] EDD information not available.
[    1.690615] Freeing unused kernel memory: 1492K
[    1.692190] Write protecting the kernel read-only data: 14336k
[    1.694494] Freeing unused kernel memory: 1584K
[    1.696222] Freeing unused kernel memory: 52K
Loading, please wait...
starting version 229
[    1.719210] random: systemd-udevd: uninitialized urandom read (16 bytes read, 3 bits of entropy available)
[    1.719939] random: udevadm: uninitialized urandom read (16 bytes read, 3 bits of entropy available)
[    1.719978] random: udevadm: uninitialized urandom read (16 bytes read, 3 bits of entropy available)
[    1.731218] random: systemd-udevd: uninitialized urandom read (16 bytes read, 3 bits of entropy available)
[    1.734890] random: systemd-udevd: uninitialized urandom read (16 bytes read, 3 bits of entropy available)
[    1.737703] random: udevadm: uninitialized urandom read (16 bytes read, 3 bits of entropy available)
[    1.737777] random: udevadm: uninitialized urandom read (16 bytes read, 3 bits of entropy available)
[    1.738096] random: udevadm: uninitialized urandom read (16 bytes read, 3 bits of entropy available)
[    1.738204] random: udevadm: uninitialized urandom read (16 bytes read, 3 bits of entropy available)
[    1.738291] random: udevadm: uninitialized urandom read (16 bytes read, 3 bits of entropy available)
[    1.798811] e1000: Intel(R) PRO/1000 Network Driver - version 7.3.21-k8-NAPI
[    1.801088] e1000: Copyright (c) 1999-2006 Intel Corporation.
[    1.804795] Fusion MPT base driver 3.04.20
[    1.806155] Copyright (c) 1999-2008 LSI Corporation
[    1.838764] AVX2 version of gcm_enc/dec engaged.
[    1.840292] AES CTR mode by8 optimization enabled
[    1.842626] Fusion MPT SPI Host driver 3.04.20
[    2.053338] input: ImExPS/2 Generic Explorer Mouse as /devices/platform/i8042/serio1/input/input4
[    2.209153] e1000 0000:00:03.0 eth0: (PCI:33MHz:32-bit) 02:be:82:6b:cc:1d
[    2.211346] e1000 0000:00:03.0 eth0: Intel(R) PRO/1000 Network Connection
[    2.862435] e1000 0000:00:08.0 eth1: (PCI:33MHz:32-bit) 08:00:27:e1:e2:07
[    2.864508] e1000 0000:00:08.0 eth1: Intel(R) PRO/1000 Network Connection
[    2.867956] mptbase: ioc0: Initiating bringup
[    2.868642] e1000 0000:00:03.0 enp0s3: renamed from eth0
[    2.878842] e1000 0000:00:08.0 enp0s8: renamed from eth1
[    3.143406] ioc0: LSI53C1030 A0: Capabilities={Initiator}
[    4.264998] scsi host2: ioc0: LSI53C1030 A0, FwRev=00000000h, Ports=1, MaxQ=256, IRQ=20
[    4.383343] scsi 2:0:0:0: Direct-Access     VBOX     HARDDISK         1.0  PQ: 0 ANSI: 5
[    4.386323] scsi target2:0:0: Beginning Domain Validation
[    4.389753] scsi target2:0:0: Domain Validation skipping write tests
[    4.394494] scsi target2:0:0: Ending Domain Validation
[    4.396621] scsi target2:0:0: asynchronous
[    4.399324] scsi 2:0:1:0: Direct-Access     VBOX     HARDDISK         1.0  PQ: 0 ANSI: 5
[    4.401967] scsi target2:0:1: Beginning Domain Validation
[    4.405253] scsi target2:0:1: Domain Validation skipping write tests
[    4.407165] scsi target2:0:1: Ending Domain Validation
[    4.408785] scsi target2:0:1: asynchronous
[    4.418836] sd 2:0:0:0: [sda] 83886080 512-byte logical blocks: (42.9 GB/40.0 GiB)
[    4.421393] sd 2:0:0:0: Attached scsi generic sg0 type 0
[    4.423239] sd 2:0:0:0: [sda] Write Protect is off
[    4.423598] sd 2:0:1:0: [sdb] 20480 512-byte logical blocks: (10.5 MB/10.0 MiB)
[    4.423904] sd 2:0:1:0: [sdb] Write Protect is off
[    4.424082] sd 2:0:1:0: [sdb] Incomplete mode parameter data
[    4.424085] sd 2:0:1:0: [sdb] Assuming drive cache: write through
[    4.426501] sd 2:0:1:0: Attached scsi generic sg1 type 0
[    4.436694] sd 2:0:0:0: [sda] Incomplete mode parameter data
[    4.438464] sd 2:0:0:0: [sda] Assuming drive cache: write through
[    4.442048] sd 2:0:1:0: [sdb] Attached SCSI disk
[    4.442238]  sda: sda1
[    4.443477] sd 2:0:0:0: [sda] Attached SCSI disk
Begin: Loading essential drivers ... [    6.197438] md: linear personality registered for level -1
[    6.201843] md: multipath personality registered for level -4
[    6.206605] md: raid0 personality registered for level 0
[    6.213208] md: raid1 personality registered for level 1
[    6.286376] raid6: sse2x1   gen()  3521 MB/s
[    6.354627] raid6: sse2x1   xor()  5517 MB/s
[    6.422684] raid6: sse2x2   gen()  6649 MB/s
[    6.490538] raid6: sse2x2   xor()  6477 MB/s
[    6.558683] raid6: sse2x4   gen()  8148 MB/s
[    6.626751] raid6: sse2x4   xor()  5309 MB/s
[    6.694668] raid6: avx2x1   gen()  7948 MB/s
[    6.762608] raid6: avx2x2   gen() 12256 MB/s
[    6.830395] raid6: avx2x4   gen() 15033 MB/s
[    6.831796] raid6: using algorithm avx2x4 gen() 15033 MB/s
[    6.833392] raid6: using avx2x2 recovery algorithm
[    6.836274] xor: automatically using best checksumming function:
[    6.874420]    avx       :  8062.000 MB/sec
[    6.877139] async_tx: api initialized (async)
[    6.889411] md: raid6 personality registered for level 6
[    6.891110] md: raid5 personality registered for level 5
[    6.892704] md: raid4 personality registered for level 4
[    6.902643] md: raid10 personality registered for level 10
done.
Begin: Running /scripts/init-premount ... done.
Begin: Mounting root file system ... Begin: Running /scripts/local-top ... done.
Begin: Running /scripts/local-premount ... [    6.946958] Btrfs loaded
Scanning for Btrfs filesystems
done.
Warning: fsck not present, so skipping root file system
[    7.004561] EXT4-fs (sda1): mounted filesystem with ordered data mode. Opts: (null)
done.
Begin: Running /scripts/local-bottom ... done.
Begin: Running /scripts/init-bottom ... done.
[    7.127326] systemd[1]: systemd 229 running in system mode. (+PAM +AUDIT +SELINUX +IMA +APPARMOR +SMACK +SYSVINIT +UTMP +LIBCRYPTSETUP +GCRYPT +GNUTLS +ACL +XZ -LZ4 +SECCOMP +BLKID +ELFUTILS +KMOD -IDN)
[    7.132889] systemd[1]: Detected virtualization oracle.
[    7.134608] systemd[1]: Detected architecture x86-64.

Welcome to [1mUbuntu 16.04.7 LTS[0m!

[    7.139911] systemd[1]: Set hostname to <ubuntu-xenial>.
[    7.308128] systemd[1]: Reached target Swap.
[[0;32m  OK  [0m] Reached target Swap.
[    7.313023] systemd[1]: Reached target Encrypted Volumes.
[[0;32m  OK  [0m] Reached target Encrypted Volumes.
[    7.317582] systemd[1]: Listening on udev Kernel Socket.
[[0;32m  OK  [0m] Listening on udev Kernel Socket.
[    7.321364] systemd[1]: Set up automount Arbitrary Executable File Formats File System Automount Point.
[[0;32m  OK  [0m] Set up automount Arbitrary Executab...ats File System Automount Point.
[    7.327831] systemd[1]: Listening on Syslog Socket.
[[0;32m  OK  [0m] Listening on Syslog Socket.
[    7.331309] systemd[1]: Reached target System Time Synchronized.
[[0;32m  OK  [0m] Reached target System Time Synchronized.
[    7.334564] systemd[1]: Listening on Journal Socket.
[[0;32m  OK  [0m] Listening on Journal Socket.
[    7.337524] systemd[1]: Listening on LVM2 metadata daemon socket.
[[0;32m  OK  [0m] Listening on LVM2 metadata daemon socket.
[    7.340960] systemd[1]: Listening on Journal Audit Socket.
[[0;32m  OK  [0m] Listening on Journal Audit Socket.
[    7.343855] systemd[1]: Reached target User and Group Name Lookups.
[[0;32m  OK  [0m] Reached target User and Group Name Lookups.
[    7.347005] systemd[1]: Listening on LVM2 poll daemon socket.
[[0;32m  OK  [0m] Listening on LVM2 poll daemon socket.
[    7.350367] systemd[1]: Started Trigger resolvconf update for networkd DNS.
[[0;32m  OK  [0m] Started Trigger resolvconf update for networkd DNS.
[    7.353844] systemd[1]: Listening on udev Control Socket.
[[0;32m  OK  [0m] Listening on udev Control Socket.
[    7.357102] systemd[1]: Listening on /dev/initctl Compatibility Named Pipe.
[[0;32m  OK  [0m] Listening on /dev/initctl Compatibility Named Pipe.
[    7.360603] systemd[1]: Listening on fsck to fsckd communication Socket.
[[0;32m  OK  [0m] Listening on fsck to fsckd communication Socket.
[    7.364211] systemd[1]: Started Forward Password Requests to Wall Directory Watch.
[[0;32m  OK  [0m] Started Forward Password Requests to Wall Directory Watch.
[    7.368618] systemd[1]: Created slice System Slice.
[[0;32m  OK  [0m] Created slice System Slice.
[    7.382703] systemd[1]: Starting Nameserver information manager...
         Starting Nameserver information manager...
[    7.386615] systemd[1]: Starting Uncomplicated firewall...
         Starting Uncomplicated firewall...
[    7.391566] systemd[1]: Starting Create list of required static device nodes for the current kernel...
         Starting Create list of required st... nodes for the current kernel...
[    7.398328] systemd[1]: Starting Load Kernel Modules...
         Starting Load Kernel Modules...
[    7.402198] systemd[1]: Starting Set console keymap...
         Starting Set console keymap...
[    7.405551] systemd[1]: Created slice system-serial\x2dgetty.slice.
[[0;32m  OK  [0m] Created slice system-serial\x2dgetty.slice.
[    7.410191] systemd[1]: Mounting POSIX Message Queue File System...
         Mounting POSIX Message Queue File System...
[    7.416186] systemd[1]: Starting File System Check on Root Device...
[    7.418617] Loading iSCSI transport class v2.0-870.
         Starting File System Check on Root Device...
[    7.422840] systemd[1]: Mounting Debug File System...
         Mounting Debug File System...
[    7.429119] systemd[1]: Mounting Huge Pages File System...
         Mountin[    7.431786] systemd[1]: Listening on Device-mapper event daemon FIFOs.
g Huge Pages File System...
[[0;32m  OK  [0m] Listening on Device-mapper event daemon FIFO[    7.434934] systemd[1]: Starting Monitoring of LVM2 mirrors, snapshots etc. using dmeventd or progress polling...
s.
         Starting Monitoring of LVM2 mirrors... dmeventd or progress polling...
[    7.442915] systemd[1]: Listening on Journal Socket (/dev/log).
[[0;32m  OK  [0m] Listening on Journal Socket (/dev/log).
[    7.447887] systemd[1]: Starting Journal Service...
         Starting Journal Service...
[    7.451145] systemd[1]: Created slice User and Session Slice.
[[0;32m  OK  [0m] Created slice User and Session Slice.
[    7.457386] systemd[1]: Reached target Slices.
[[0;32m  OK  [0m] Reached target Slices.
[    7.461694] systemd[1]: Mounted Huge Pages File System.
[[0;32m  OK  [0m] Mounted Huge Pages File System.
[    7.464995] systemd[1]: Mounted POSIX Message Queue File System.
[[0;32m  OK  [0m] Mounted POSIX Message Queue File System.
[    7.468492] systemd[1]: Mounted Debug File System.
[[0;32m  OK  [0m] Mounted Debug File System.
[    7.472982] iscsi: registered transport (tcp)
[    7.473372] systemd[1]: Started Uncomplicated firewall.
[[0;32m  OK  [0m] Started Uncomplicated firewall.
[    7.482218] systemd[1]: Started Create list of required static device nodes for the current kernel.
[[0;32m  OK  [0m] Started Create list of required sta...ce nodes for the current kernel.
[    7.488776] systemd[1]: Started Nameserver information manager.
[[0;32m  OK  [0m] Started Nameserver information manager.
[    7.495088] systemd[1]: Started LVM2 metadata daemon.
[[0;32m  OK  [0m] Started LVM2 metadata daemon.
[    7.503182] systemd[1]: Started File System Check Daemon to report status.
[[0;32m  OK  [0m] Started File System Check Daemon to report status.
[    7.509367] systemd[1]: Starting Create Static Device Nodes in /dev...
         Starting Create Static Device Nodes in /dev...
[    7.517602] systemd[1]: Started File System Check on Root Device.
[[0;32m  OK  [0m] Started File System Check on Root Device.
[    7.524239] systemd[1]: Starting Remount Root and Kernel File Systems...
         Starting Remount Root and Kernel File Systems...
[    7.530318] EXT4-fs (sda1): re-mounted. Opts: (null)
[    7.533979] systemd[1]: Started Remount Root and Kernel File Systems.
[[0;32m  OK  [0m] Started Remount Root and Kernel File Systems.
[    7.566822] systemd[1]: Starting udev Coldplug all Devices...
         Starting udev Coldplug all Devices...
[    7.571481] systemd[1]: Starting Load/Save Random Seed...
         Starting Load/Save Random Seed...
[    7.577847] systemd[1]: Started Journal Service.
[[0;32m  OK  [0m] Started Journal Service.
[    7.585115] iscsi: registered transport (iser)
[[0;32m  OK  [0m] Started Create Static Device Nodes in /dev.
[[0;32m  OK  [0m] Started Load/Save Random Seed.
         Starting udev Kernel Device Manager...
         Starting Flush Journal to Persistent Storage...
[[0;32m  OK  [0m] Started Load Kernel Modules.
         Mounting FUSE Control File System...
         Starting Apply Kernel Variables...
[[0;32m  OK  [0m] Mounted FUSE Control File System.
[    7.641018] systemd-journald[401]: Received request to flush runtime journal from PID 1
[[0;32m  OK  [0m] Started Flush Journal to Persistent Storage.
[[0;32m  OK  [0m] Started Apply Kernel Variables.
[[0;32m  OK  [0m] Started udev Coldplug all Devices.
[[0;32m  OK  [0m] Started Set console keymap.
[[0;32m  OK  [0m] Started udev Kernel Device Manager.
[[0;32m  OK  [0m] Started Dispatch Password Requests to Console Directory Watch.
[[0;32m  OK  [0m] Started Monitoring of LVM2 mirrors,...ng dmeventd or progress polling.
[[0;32m  OK  [0m] Reached target Local File Systems (Pre).
[[0;32m  OK  [0m] Reached target Local File Systems.
         Starting Set console font and keymap...
         Starting Create Volatile Files and Directories...
         Starting LSB: AppArmor initialization...
         Starting Tell Plymouth To Write Out Runtime Data...
         Starting Initial cloud-init job (pre-networking)...
[[0;32m  OK  [0m] Started Tell Plymouth To Write Out Runtime Data.
[[0;32m  OK  [0m] Started Create Volatile Files and Directories.
         Starting Update UTMP about System Boot/Shutdown...
[[0;32m  OK  [0m] Started Update UTMP about System Boot/Shutdown.
[[0;32m  OK  [0m] Started LSB: AppArmor initialization.
[[0;32m  OK  [0m] Found device /dev/ttyS0.
[[0;32m  OK  [0m] Listening on Load/Save RF Kill Switch Status /dev/rfkill Watch.
         Starting Load AppArmor profiles managed internally by snapd...
[[0;32m  OK  [0m] Started Load AppArmor profiles managed internally by snapd.
[[0;32m  OK  [0m] Found device 82540EM Gigabit Ethern...r (PRO/1000 MT Desktop Adapter).
[[0;32m  OK  [0m] Found device 82540EM Gigabit Ethern...r (PRO/1000 MT Desktop Adapter).
[    8.996392] cloud-init[504]: Cloud-init v. 21.1-19-gbad84ad4-0ubuntu1~16.04.2 running 'init-local' at Mon, 20 May 2024 11:37:30 +0000. Up 8.55 seconds.
[[0;32m  OK  [0m] Started Initial cloud-init job (pre-networking).
[[0;32m  OK  [0m] Reached target Network (Pre).
         Starting Raise network interfaces...
[[0;32m  OK  [0m] Started ifup for enp0s3.
[[0;32m  OK  [0m] Started ifup for enp0s8.
[[0;32m  OK  [0m] Started Set console font and keymap.
[[0;32m  OK  [0m] Created slice system-getty.slice.
[[0;32m  OK  [0m] Started Raise network interfaces.
         Starting Initial cloud-init job (metadata service crawler)...
[[0;32m  OK  [0m] Reached target Network.
[   10.356211] cloud-init[1085]: Cloud-init v. 21.1-19-gbad84ad4-0ubuntu1~16.04.2 running 'init' at Mon, 20 May 2024 11:37:31 +0000. Up 9.93 seconds.
[   10.359958] cloud-init[1085]: ci-info: ++++++++++++++++++++++++++++++++++++++Net device info+++++++++++++++++++++++++++++++++++++++
[   10.362566] cloud-init[1085]: ci-info: +--------+------+-----------------------------+---------------+--------+-------------------+
[   10.368765] cloud-init[1085]: ci-info: | Device |  Up  |           Address           |      Mask     | Scope  |     Hw-Address    |
[   10.376672] cloud-init[1085]: ci-info: +--------+------+-----------------------------+---------------+--------+-------------------+
[   10.379063] cloud-init[1085]: ci-info: | enp0s3 | True |          10.0.2.15          | 255.255.255.0 | global | 02:be:82:6b:cc:1d |
[   10.381668] cloud-init[1085]: ci-info: | enp0s3 | True |  fe80::be:82ff:fe6b:cc1d/64 |       .       |  link  | 02:be:82:6b:cc:1d |
[   10.384431] cloud-init[1085]: ci-info: | enp0s8 | True |        192.168.50.55        | 255.255.255.0 | global | 08:00:27:e1:e2:07 |
[   10.387000] cloud-init[1085]: ci-info: | enp0s8 | True | fe80::a00:27ff:fee1:e207/64 |       .       |  link  | 08:00:27:e1:e2:07 |
[   10.389447] cloud-init[1085]: ci-info: |   lo   | True |          127.0.0.1          |   255.0.0.0   |  host  |         .         |
[   10.391990] cloud-init[1085]: ci-info: |   lo   | True |           ::1/128           |       .       |  host  |         .         |
[   10.394562] cloud-init[1085]: ci-info: +--------+------+-----------------------------+---------------+--------+-------------------+
[   10.397131] cloud-init[1085]: ci-info: ++++++++++++++++++++++++++++Route IPv4 info++++++++++++++++++++++++++++
[   10.399348] cloud-init[1085]: ci-info: +-------+--------------+----------+---------------+-----------+-------+
[   10.401663] cloud-init[1085]: ci-info: | Route | Destination  | Gateway  |    Genmask    | Interface | Flags |
[   10.403855] cloud-init[1085]: ci-info: +-------+--------------+----------+---------------+-----------+-------+
[   10.412860] cloud-init[1085]: ci-info: |   0   |   0.0.0.0    | 10.0.2.2 |    0.0.0.0    |   enp0s3  |   UG  |
[   10.415344] cloud-init[1085]: ci-info: |   1   |   10.0.2.0   | 0.0.0.0  | 255.255.255.0 |   enp0s3  |   U   |
[   10.417595] cloud-init[1085]: ci-info: |   2   | 192.168.50.0 | 0.0.0.0  | 255.255.255.0 |   enp0s8  |   U   |
[   10.419850] cloud-init[1085]: ci-info: +-------+--------------+----------+---------------+-----------+-------+
[   10.428905] cloud-init[1085]: ci-info: +++++++++++++++++++Route IPv6 info+++++++++++++++++++
[   10.430999] cloud-init[1085]: ci-info: +-------+-------------+---------+-----------+-------+
[   10.436639] cloud-init[1085]: ci-info: | Route | Destination | Gateway | Interface | Flags |
[   10.438698] cloud-init[1085]: ci-info: +-------+-------------+---------+-----------+-------+
[   10.444438] cloud-init[1085]: ci-info: |   0   |  fe80::/64  |    ::   |   enp0s8  |   U   |
[   10.446332] cloud-init[1085]: ci-info: |   1   |  fe80::/64  |    ::   |   enp0s3  |   U   |
[   10.448361] cloud-init[1085]: ci-info: |   4   |   ff00::/8  |    ::   |   enp0s8  |   U   |
[   10.450866] cloud-init[1085]: ci-info: |   5   |   ff00::/8  |    ::   |   enp0s3  |   U   |
[   10.452934] cloud-init[1085]: ci-info: +-------+-------------+---------+-----------+-------+
[[0;32m  OK  [0m] Started Initial cloud-init job (metadata service crawler).
[[0;32m  OK  [0m] Reached target Network is Online.
         Starting iSCSI initiator daemon (iscsid)...
[[0;32m  OK  [0m] Reached target System Initialization.
         Starting LXD - unix socket.
[[0;32m  OK  [0m] Started ACPI Events Check.
[[0;32m  OK  [0m] Reached target Paths.
[[0;32m  OK  [0m] Started Daily apt download activities.
[[0;32m  OK  [0m] Started Daily apt upgrade and clean activities.
[[0;32m  OK  [0m] Listening on D-Bus System Message Bus Socket.
[[0;32m  OK  [0m] Started Daily Cleanup of Temporary Directories.
[[0;32m  OK  [0m] Started Ubuntu Advantage update messaging.
[[0;32m  OK  [0m] Listening on ACPID Listen Socket.
[[0;32m  OK  [0m] Started Message of the Day.
[[0;32m  OK  [0m] Listening on UUID daemon activation socket.
[[0;32m  OK  [0m] Reached target Timers.
         Starting Socket activation for snappy daemon.
[[0;32m  OK  [0m] Reached target Cloud-config availability.
[[0;32m  OK  [0m] Listening on LXD - unix socket.
[[0;32m  OK  [0m] Listening on Socket activation for snappy daemon.
[[0;32m  OK  [0m] Reached target Sockets.
[[0;32m  OK  [0m] Reached target Basic System.
[[0;32m  OK  [0m] Started ACPI event daemon.
         Starting Accounts Service...
         Starting Login Service...
[[0;32m  OK  [0m] Started Deferred execution scheduler.
         Starting LSB: Record successful boot for GRUB...
         Starting LSB: MD monitoring daemon...
         Starting System Logging Service...
         Starting /etc/rc.local Compatibility...
         Starting MySQL Community Server...
[[0;32m  OK  [0m] Started D-Bus System Message Bus.
[[0;32m  OK  [0m] Started Regular background program processing daemon.
         Starting LXD - container startup/shutdown...
[[0;32m  OK  [0m] Started FUSE filesystem for LXC.
         Starting Virtualbox guest utils...
         Starting Snap Daemon...
         Starting OpenBSD Secure Shell server...
[[0;32m  OK  [0m] Started System Logging Service.
[[0;32m  OK  [0m] Started iSCSI initiator daemon (iscsid).
[[0;32m  OK  [0m] Started /etc/rc.local Compatibility.
[[0;32m  OK  [0m] Started Login Service.
[[0;32m  OK  [0m] Started Unattended Upgrades Shutdown.
         Starting Authenticate and Authorize Users to Run Privileged Tasks...
         Starting Login to default iSCSI targets...
[[0;32m  OK  [0m] Started LSB: Record successful boot for GRUB.
[[0;32m  OK  [0m] Started LSB: MD monitoring daemon.
[[0;32m  OK  [0m] Started Login to default iSCSI targets.
[[0;32m  OK  [0m] Reached target Remote File Systems (Pre).
         Mounting /vagrant_data...
[[0;1;31mFAILED[0m] Failed to mount /vagrant_data.
See 'systemctl status vagrant_data.mount' for details.
[[0;1;33mDEPEND[0m] Dependency failed for Remote File Systems.
         Starting LSB: automatic crash report generation...
         Starting Permit User Sessions...
         Starting LSB: Set the CPU Frequency Scaling governor to "ondemand"...
         Starting LSB: Apache2 web server...
         Starting LSB: daemon to balance interrupts for SMP systems...
[[0;32m  OK  [0m] Started OpenBSD Secure Shell server.
[[0;32m  OK  [0m] Started Permit User Sessions.
[[0;32m  OK  [0m] Started Authenticate and Authorize Users to Run Privileged Tasks.
[[0;32m  OK  [0m] Started Accounts Service.
         Starting Terminate Plymouth Boot Screen...
         Starting Hold until boot process finishes up...
[[0;32m  OK  [0m] Started Virtualbox guest utils.
[[0;32m  OK  [0m] Started Terminate Plymouth Boot Screen.
[[0;32m  OK  [0m] Started Hold until boot process finishes up.
         Starting Set console scheme...
[[0;32m  OK  [0m] Started Serial Getty on ttyS0.
[[0;32m  OK  [0m] Started Getty on tty1.
[[0;32m  OK  [0m] Reached target Login Prompts.
[[0;32m  OK  [0m] Started LSB: Set the CPU Frequency Scaling governor to "ondemand".
[[0;32m  OK  [0m] Started LSB: daemon to balance interrupts for SMP systems.
[[0;32m  OK  [0m] Started Set console scheme.
[[0;32m  OK  [0m] Started LSB: automatic crash report generation.
[[0;32m  OK  [0m] Started LXD - container startup/shutdown.
[[0;32m  OK  [0m] Started Snap Daemon.
         Starting Wait until snapd is fully seeded...
[[0;32m  OK  [0m] Started Wait until snapd is fully seeded.
         Starting Apply the settings specified in cloud-config...
[[0;32m  OK  [0m] Started MySQL Community Server.
[[0;32m  OK  [0m] Created slice User Slice of vagrant.
         Starting User Manager for UID 1000...
[[0;32m  OK  [0m] Started Session 1 of user vagrant.
[[0;32m  OK  [0m] Started User Manager for UID 1000.
[   12.270971] cloud-init[1398]: Cloud-init v. 21.1-19-gbad84ad4-0ubuntu1~16.04.2 running 'modules:config' at Mon, 20 May 2024 11:37:33 +0000. Up 12.07 seconds.
[[0;32m  OK  [0m] Started LSB: Apache2 web server.
[[0;32m  OK  [0m] Reached target Multi-User System.
[[0;32m  OK  [0m] Reached target Graphical Interface.
         Starting Update UTMP about System Runlevel Changes...
[[0;32m  OK  [0m] Started Apply the settings specified in cloud-config.
         Starting Execute cloud user/final scripts...
[[0;32m  OK  [0m] Started Update UTMP about System Runlevel Changes.
[   13.135732] cloud-init[1501]: Cloud-init v. 21.1-19-gbad84ad4-0ubuntu1~16.04.2 running 'modules:final' at Mon, 20 May 2024 11:37:34 +0000. Up 12.92 seconds.
[   13.139201] cloud-init[1501]: Cloud-init v. 21.1-19-gbad84ad4-0ubuntu1~16.04.2 finished at Mon, 20 May 2024 11:37:34 +0000. Datasource DataSourceNoCloud [seed=/dev/sdb][dsmode=net].  Up 13.12 seconds
[[0;32m  OK  [0m] Started Execute cloud user/final scripts.
[[0;32m  OK  [0m] Reached target Cloud-init target.

Ubuntu 16.04.7 LTS ubuntu-xenial ttyS0

ubuntu-xenial login: [[0;32m  OK  [0m] Stopped target Cloud-init target.
[[0;32m  OK  [0m] Closed Load/Save RF Kill Switch Status /dev/rfkill Watch.
         Unmounting /vagrant_data...
[[0;32m  OK  [0m] Stopped target Graphical Interface.
         Stopping User Manager for UID 1000...
         Stopping ACPI event daemon...
[[0;32m  OK  [0m] Stopped Execute cloud user/final scripts.
[[0;32m  OK  [0m] Stopped Apply the settings specified in cloud-config.
[[0;32m  OK  [0m] Stopped target Multi-User System.
         Stopping LSB: daemon to balance interrupts for SMP systems...
         Stopping Virtualbox guest utils...
         Stopping D-Bus System Message Bus...
         Stopping LSB: MD monitoring daemon...
         Stopping MySQL Community Server...
         Stopping LSB: Set the CPU Frequency Scaling governor to "ondemand"...
         Stopping LXD - container startup/shutdown...
         Stopping LSB: Apache2 web server...
         Stopping Deferred execution scheduler...
[[0;32m  OK  [0m] Stopped target Login Prompts.
         Stopping Getty on tty1...
         Stopping Serial Getty on ttyS0...
         Stopping Session 5 of user vagrant.
         Stopping Authenticate and Authorize Users to Run Privileged Tasks...
         Stopping Regular background program processing daemon...
         Stopping LSB: Record successful boot for GRUB...
         Stopping System Logging Service...
         Stopping FUSE filesystem for LXC...
         Stopping Accounts Service...
         Stopping OpenBSD Secure Shell server...
[[0;32m  OK  [0m] Stopped target Timers.
[[0;32m  OK  [0m] Stopped Daily apt upgrade and clean activities.
[[0;32m  OK  [0m] Stopped Daily apt download activities.
[[0;32m  OK  [0m] Stopped Ubuntu Advantage update messaging.
[[0;32m  OK  [0m] Stopped Daily Cleanup of Temporary Directories.
[[0;32m  OK  [0m] Stopped Wait until snapd is fully seeded.
[[0;32m  OK  [0m] Stopped target Cloud-config availability.
[[0;32m  OK  [0m] Stopped Message of the Day.
[[0;32m  OK  [0m] Stopped target System Time Synchronized.
         Stopping LSB: automatic crash report generation...
[[0;32m  OK  [0m] Unmounted /var/lib/lxcfs.
[[0;32m  OK  [0m] Stopped ACPI event daemon.
[[0;32m  OK  [0m] Stopped Accounts Service.
[[0;32m  OK  [0m] Stopped Deferred execution scheduler.
[[0;32m  OK  [0m] Stopped System Logging Service.
[[0;32m  OK  [0m] Stopped Regular background program processing daemon.
[[0;32m  OK  [0m] Stopped Authenticate and Authorize Users to Run Privileged Tasks.
[[0;32m  OK  [0m] Stopped OpenBSD Secure Shell server.
[[0;32m  OK  [0m] Stopped Serial Getty on ttyS0.
[[0;32m  OK  [0m] Stopped Getty on tty1.
[[0;32m  OK  [0m] Stopped User Manager for UID 1000.
[[0;32m  OK  [0m] Unmounted /vagrant_data.
[[0;32m  OK  [0m] Stopped D-Bus System Message Bus.
[[0;32m  OK  [0m] Stopped Session 5 of user vagrant.
[[0;32m  OK  [0m] Stopped FUSE filesystem for LXC.
[[0;32m  OK  [0m] Stopped LSB: daemon to balance interrupts for SMP systems.
[[0;32m  OK  [0m] Stopped LSB: MD monitoring daemon.
[[0;32m  OK  [0m] Stopped LSB: Set the CPU Frequency Scaling governor to "ondemand".
[[0;32m  OK  [0m] Stopped LXD - container startup/shutdown.
[[0;32m  OK  [0m] Stopped Virtualbox guest utils.
[[0;32m  OK  [0m] Stopped target Remote File Systems (Pre).
         Stopping Login to default iSCSI targets...
[[0;32m  OK  [0m] Removed slice User Slice of vagrant.
         Stopping Login Service...
[[0;32m  OK  [0m] Removed slice system-getty.slice.
         Stopping Permit User Sessions...
[[0;32m  OK  [0m] Removed slice system-serial\x2dgetty.slice.
[[0;32m  OK  [0m] Stopped /etc/rc.local Compatibility.
[[0;32m  OK  [0m] Stopped LSB: Record successful boot for GRUB.
[[0;32m  OK  [0m] Stopped LSB: automatic crash report generation.
[[0;32m  OK  [0m] Stopped Permit User Sessions.
[[0;32m  OK  [0m] Stopped Login to default iSCSI targets.
         Stopping iSCSI initiator daemon (iscsid)...
[[0;32m  OK  [0m] Stopped iSCSI initiator daemon (iscsid).
[[0;32m  OK  [0m] Stopped Login Service.
[[0;32m  OK  [0m] Stopped target User and Group Name Lookups.
[[0;32m  OK  [0m] Stopped LSB: Apache2 web server.
[[0;32m  OK  [0m] Stopped target Network is Online.
[[0;32m  OK  [0m] Stopped MySQL Community Server.
[[0;32m  OK  [0m] Stopped target Basic System.
[[0;32m  OK  [0m] Stopped target Slices.
[[0;32m  OK  [0m] Removed slice User and Session Slice.
[[0;32m  OK  [0m] Stopped target Sockets.
[[0;32m  OK  [0m] Closed Syslog Socket.
[[0;32m  OK  [0m] Closed D-Bus System Message Bus Socket.
[[0;32m  OK  [0m] Closed Socket activation for snappy daemon.
[[0;32m  OK  [0m] Closed LXD - unix socket.
[[0;32m  OK  [0m] Closed UUID daemon activation socket.
[[0;32m  OK  [0m] Closed ACPID Listen Socket.
[[0;32m  OK  [0m] Stopped target Paths.
[[0;32m  OK  [0m] Stopped Forward Password Requests to Wall Directory Watch.
[[0;32m  OK  [0m] Stopped ACPI Events Check.
[[0;32m  OK  [0m] Stopped target System Initialization.
[[0;32m  OK  [0m] Stopped Create Volatile Files and Directories.
         Stopping Load/Save Random Seed...
[[0;32m  OK  [0m] Stopped target Swap.
[[0;32m  OK  [0m] Stopped Initial cloud-init job (metadata service crawler).
[[0;32m  OK  [0m] Stopped target Encrypted Volumes.
[[0;32m  OK  [0m] Stopped Dispatch Password Requests to Console Directory Watch.
[[0;32m  OK  [0m] Stopped target Network.
         Stopping Raise network interfaces...
[[0;32m  OK  [0m] Stopped Load/Save Random Seed.
[[0;32m  OK  [0m] Stopped Raise network interfaces.
[[0;32m  OK  [0m] Stopped target Local File Systems.
         Unmounting /run/user/1000...
[[0;32m  OK  [0m] Stopped target Network (Pre).
[[0;32m  OK  [0m] Stopped Initial cloud-init job (pre-networking).
[[0;32m  OK  [0m] Stopped Apply Kernel Variables.
[[0;32m  OK  [0m] Stopped Load Kernel Modules.
[[0;32m  OK  [0m] Unmounted /run/user/1000.
[[0;32m  OK  [0m] Reached target Unmount All Filesystems.
[[0;32m  OK  [0m] Stopped target Local File Systems (Pre).
         Stopping Monitoring of LVM2 mirrors... dmeventd or progress polling...
[[0;32m  OK  [0m] Stopped Create Static Device Nodes in /dev.
[[0;32m  OK  [0m] Stopped Remount Root and Kernel File Systems.
[[0;32m  OK  [0m] Reached target Shutdown.
[  684.904638] reboot: Power down
